<?xml version="1.0" encoding="UTF-8"?>
<!-- Generated by org.testng.reporters.JUnitXMLReporter -->
<testsuite hostname="YECOL094" name="test" tests="1" failures="1" timestamp="3 Mar 2015 01:55:01 GMT" time="0.053" errors="0">
  <testcase name="dosearchbar" time="0.039" classname="test.TestCase_man_SearchBar">
    <failure type="java.lang.ExceptionInInitializerError">
      <![CDATA[java.lang.ExceptionInInitializerError
	at org.openqa.selenium.firefox.FirefoxBinary.<init>(FirefoxBinary.java:59)
	at org.openqa.selenium.firefox.FirefoxBinary.<init>(FirefoxBinary.java:55)
	at org.openqa.selenium.firefox.FirefoxDriver.<init>(FirefoxDriver.java:95)
	at searchbar.Test_man_SearchBar.openurl(Test_man_SearchBar.java:21)
	at test.TestCase_man_SearchBar.dosearchbar(TestCase_man_SearchBar.java:24)
Caused by: org.openqa.selenium.WebDriverException: "webdriver.firefox.bin" property set, but unable to locate the requested binary: D:\Program Files (x86)\Mozilla Firefox\firefox.exe
Build info: version: '2.44.0', revision: '76d78cf', time: '2014-10-23 20:02:37'
System info: host: 'YECOL094', ip: '169.254.168.121', os.name: 'Windows 7', os.arch: 'x86', os.version: '6.1', java.version: '1.6.0_25'
Driver info: driver.version: FirefoxDriver
	at org.openqa.selenium.firefox.internal.Executable.locateFirefoxBinaryFromSystemProperty(Executable.java:143)
	at org.openqa.selenium.firefox.internal.Executable.<clinit>(Executable.java:43)
	... 29 more
... Removed 24 stack frames]]>
    </failure>
  </testcase> <!-- dosearchbar -->
</testsuite> <!-- test -->
