<?xml version="1.0" encoding="UTF-8"?>
<!-- Generated by org.testng.reporters.JUnitXMLReporter -->
<testsuite hostname="YECOL094" name="testall" tests="4" failures="2" timestamp="26 Mar 2015 08:15:58 GMT" time="462.668" errors="0">
  <testcase name="TestNewCustomer" time="180.006" classname="test.TestCase_man_NewCustomer"/>
  <testcase name="TestReturnCustomer" time="117.673" classname="test.TestCase_women_ReturnCustomer"/>
  <testcase name="TestNewCustomerHK" time="72.509" classname="testhk.TestCase_man_NewCustomer_HK">
    <failure type="java.lang.Exception" message="can not type in search bar">
      <![CDATA[java.lang.Exception: can not type in search bar
	at testhk.TestCase_man_NewCustomer_HK.TestNewCustomerHK(Unknown Source)
... Removed 23 stack frames]]>
    </failure>
  </testcase> <!-- TestNewCustomerHK -->
  <testcase name="TestReturnCustomerHK" time="92.47" classname="testhk.TestCase_women_ReturnCustomer_HK">
    <failure type="java.lang.Exception" message="20.The search box unable to input">
      <![CDATA[java.lang.Exception: 20.The search box unable to input
	at testhk.TestCase_women_ReturnCustomer_HK.TestReturnCustomerHK(Unknown Source)
... Removed 23 stack frames]]>
    </failure>
  </testcase> <!-- TestReturnCustomerHK -->
</testsuite> <!-- testall -->
