<?xml version="1.0" encoding="UTF-8"?>
<!-- Generated by org.testng.reporters.JUnitXMLReporter -->
<testsuite hostname="YONGL102" name="test4" tests="3" failures="0" timestamp="10 Feb 2015 03:40:29 GMT" time="466.965" errors="0">
  <testcase name="TestReturnCustomerHK" time="191.72" classname="testhk.TestCase_women_ReturnCustomer_HK"/>
  <testcase name="TestReturnCustomerHK" time="136.692" classname="testhk.TestCase_women_ReturnCustomer_HK"/>
  <testcase name="TestReturnCustomerHK" time="138.538" classname="testhk.TestCase_women_ReturnCustomer_HK"/>
</testsuite> <!-- test4 -->
