<?xml version="1.0" encoding="UTF-8"?>
<!-- Generated by org.testng.reporters.JUnitXMLReporter -->
<testsuite hostname="YECOL094" name="test3" tests="1" failures="1" timestamp="26 Mar 2015 01:00:41 GMT" time="87.348" errors="0">
  <testcase name="TestNewCustomerHK" time="87.314" classname="testhk.TestCase_man_NewCustomer_HK">
    <failure type="java.lang.Exception" message="can not find shoe">
      <![CDATA[java.lang.Exception: can not find shoe
	at testhk.TestCase_man_NewCustomer_HK.TestNewCustomerHK(Unknown Source)
... Removed 23 stack frames]]>
    </failure>
  </testcase> <!-- TestNewCustomerHK -->
</testsuite> <!-- test3 -->
