<?xml version="1.0" encoding="UTF-8"?>
<!-- Generated by org.testng.reporters.JUnitXMLReporter -->
<testsuite hostname="YECOL094" name="ietest1" tests="1" failures="1" timestamp="30 Jan 2015 02:48:52 GMT" time="0.123" errors="0">
  <testcase name="TestNewCustomer" time="0.101" classname="test.TestCase_man_NewCustomer_IE">
    <failure type="java.lang.Exception" message="can not open url">
      <![CDATA[java.lang.Exception: can not open url
	at test.TestCase_man_NewCustomer_IE.TestNewCustomer(TestCase_man_NewCustomer_IE.java:46)
... Removed 24 stack frames]]>
    </failure>
  </testcase> <!-- TestNewCustomer -->
</testsuite> <!-- ietest1 -->
